
=== Wed Feb 16 16:30:30 2022

Packages were changed.
Update Mode: mergeDefaultDependencies

The following packages were added:
  com.unity.collab-proxy@1.15.7
  com.unity.ide.rider@2.0.7
  com.unity.ide.vscode@1.2.4
  com.unity.modules.ai@1.0.0
  com.unity.modules.androidjni@1.0.0
  com.unity.modules.cloth@1.0.0
  com.unity.modules.screencapture@1.0.0
  com.unity.modules.terrain@1.0.0
  com.unity.modules.terrainphysics@1.0.0
  com.unity.modules.uielements@1.0.0
  com.unity.modules.umbra@1.0.0
  com.unity.modules.unityanalytics@1.0.0
  com.unity.modules.vehicles@1.0.0
  com.unity.modules.wind@1.0.0
The following packages were updated:
  com.unity.cinemachine from version 2.6.10 to 2.6.11
  com.unity.ide.visualstudio from version 2.0.11 to 2.0.12
  com.unity.postprocessing from version 3.1.1 to 3.2.0

=== Wed Feb 16 16:40:57 2022

Packages were changed.
Update Mode: updateDependencies

The following packages were added:
  com.unity.2d.sprite@1.0.0
  com.unity.2d.tilemap@1.0.0
  com.unity.ads@3.7.5
  com.unity.analytics@3.6.12
  com.unity.purchasing@4.1.2
  com.unity.xr.legacyinputhelpers@2.1.8
